[0.008s] Invoking command in '/home/luka/ros2_diplpro/src/rovc_comm_mqtt/build/rovc_comm_mqtt': CMAKE_PREFIX_PATH=${CMAKE_PREFIX_PATH}:/opt/ros/humble /usr/bin/cmake /home/luka/ros2_diplpro/src/rovc_comm_mqtt -DCMAKE_INSTALL_PREFIX=/home/luka/ros2_diplpro/src/rovc_comm_mqtt/install/rovc_comm_mqtt
[0.054s] -- The C compiler identification is GNU 11.4.0
[0.103s] -- The CXX compiler identification is GNU 11.4.0
[0.109s] -- Detecting C compiler ABI info
[0.168s] -- Detecting C compiler ABI info - done
[0.175s] -- Check for working C compiler: /usr/bin/cc - skipped
[0.175s] -- Detecting C compile features
[0.175s] -- Detecting C compile features - done
[0.178s] -- Detecting CXX compiler ABI info
[0.246s] -- Detecting CXX compiler ABI info - done
[0.253s] -- Check for working CXX compiler: /usr/bin/c++ - skipped
[0.253s] -- Detecting CXX compile features
[0.253s] -- Detecting CXX compile features - done
[0.267s] -- Found ament_cmake: 1.3.11 (/opt/ros/humble/share/ament_cmake/cmake)
[0.453s] -- Found Python3: /usr/bin/python3 (found version "3.10.12") found components: Interpreter 
[0.545s] -- Found rclcpp: 16.0.11 (/opt/ros/humble/share/rclcpp/cmake)
[0.595s] -- Found rosidl_generator_c: 3.1.6 (/opt/ros/humble/share/rosidl_generator_c/cmake)
[0.607s] -- Found rosidl_adapter: 3.1.6 (/opt/ros/humble/share/rosidl_adapter/cmake)
[0.614s] -- Found rosidl_generator_cpp: 3.1.6 (/opt/ros/humble/share/rosidl_generator_cpp/cmake)
[0.624s] -- Using all available rosidl_typesupport_c: rosidl_typesupport_fastrtps_c;rosidl_typesupport_introspection_c
[0.638s] -- Using all available rosidl_typesupport_cpp: rosidl_typesupport_fastrtps_cpp;rosidl_typesupport_introspection_cpp
[0.676s] -- Found rmw_implementation_cmake: 6.1.2 (/opt/ros/humble/share/rmw_implementation_cmake/cmake)
[0.678s] -- Found rmw_fastrtps_cpp: 6.2.7 (/opt/ros/humble/share/rmw_fastrtps_cpp/cmake)
[0.748s] -- Found OpenSSL: /usr/lib/x86_64-linux-gnu/libcrypto.so (found version "3.0.2")  
[0.769s] -- Found FastRTPS: /opt/ros/humble/include  
[0.802s] -- Using RMW implementation 'rmw_fastrtps_cpp' as default
[0.809s] -- Looking for pthread.h
[0.871s] -- Looking for pthread.h - found
[0.872s] -- Performing Test CMAKE_HAVE_LIBC_PTHREAD
[0.942s] -- Performing Test CMAKE_HAVE_LIBC_PTHREAD - Success
[0.943s] -- Found Threads: TRUE  
[0.995s] -- Found ament_lint_auto: 0.12.11 (/opt/ros/humble/share/ament_lint_auto/cmake)
[1.069s] -- Added test 'cppcheck' to perform static code analysis on C / C++ code
[1.069s] -- Configured cppcheck include dirs: 
[1.070s] -- Configured cppcheck exclude dirs and/or files: 
[1.073s] -- Added test 'lint_cmake' to check CMake code style
[1.084s] -- Added test 'uncrustify' to check C / C++ code style
[1.084s] -- Configured uncrustify additional arguments: 
[1.086s] -- Added test 'xmllint' to check XML markup files
[1.087s] -- Configuring done
[1.097s] -- Generating done
[1.101s] -- Build files have been written to: /home/luka/ros2_diplpro/src/rovc_comm_mqtt/build/rovc_comm_mqtt
[1.108s] Invoked command in '/home/luka/ros2_diplpro/src/rovc_comm_mqtt/build/rovc_comm_mqtt' returned '0': CMAKE_PREFIX_PATH=${CMAKE_PREFIX_PATH}:/opt/ros/humble /usr/bin/cmake /home/luka/ros2_diplpro/src/rovc_comm_mqtt -DCMAKE_INSTALL_PREFIX=/home/luka/ros2_diplpro/src/rovc_comm_mqtt/install/rovc_comm_mqtt
[1.110s] Invoking command in '/home/luka/ros2_diplpro/src/rovc_comm_mqtt/build/rovc_comm_mqtt': CMAKE_PREFIX_PATH=${CMAKE_PREFIX_PATH}:/opt/ros/humble /usr/bin/cmake --build /home/luka/ros2_diplpro/src/rovc_comm_mqtt/build/rovc_comm_mqtt -- -j6 -l6
[1.152s] [ 50%] [32mBuilding CXX object CMakeFiles/subscriber_node.dir/src/subscriber_node.cpp.o[0m
[1.152s] [ 50%] [32mBuilding CXX object CMakeFiles/publisher_node.dir/src/publisher_node.cpp.o[0m
[4.253s] [ 75%] [32m[1mLinking CXX executable publisher_node[0m
[4.331s] /usr/bin/ld: /usr/lib/gcc/x86_64-linux-gnu/11/../../../x86_64-linux-gnu/Scrt1.o: in function `_start':
[4.331s] (.text+0x1b): undefined reference to `main'
[4.336s] collect2: error: ld returned 1 exit status
[4.337s] gmake[2]: *** [CMakeFiles/publisher_node.dir/build.make:159: publisher_node] Error 1
[4.337s] gmake[1]: *** [CMakeFiles/Makefile2:139: CMakeFiles/publisher_node.dir/all] Error 2
[4.337s] gmake[1]: *** Waiting for unfinished jobs....
[8.129s] [100%] [32m[1mLinking CXX executable subscriber_node[0m
[8.429s] [100%] Built target subscriber_node
[8.430s] gmake: *** [Makefile:146: all] Error 2
[8.432s] Invoked command in '/home/luka/ros2_diplpro/src/rovc_comm_mqtt/build/rovc_comm_mqtt' returned '2': CMAKE_PREFIX_PATH=${CMAKE_PREFIX_PATH}:/opt/ros/humble /usr/bin/cmake --build /home/luka/ros2_diplpro/src/rovc_comm_mqtt/build/rovc_comm_mqtt -- -j6 -l6
